# JRE version: Java(TM) SE Runtime Environment (8.0_181-b13) (build 1.8.0_181-b13)
# Java VM: Java HotSpot(TM) 64-Bit Server VM (25.181-b13 mixed mode windows-amd64 compressed oops)
Heap:
 par new generation   total 314560K, used 18895K [0x00000000c0000000, 0x00000000d5550000, 0x00000000d5550000)
  eden space 279616K,   2% used [0x00000000c0000000, 0x00000000c08241e0, 0x00000000d1110000)
  from space 34944K,  30% used [0x00000000d1110000, 0x00000000d1b5fb18, 0x00000000d3330000)
  to   space 34944K,   0% used [0x00000000d3330000, 0x00000000d3330000, 0x00000000d5550000)
 concurrent mark-sweep generation total 699072K, used 425915K [0x00000000d5550000, 0x0000000100000000, 0x0000000100000000)
 Metaspace       used 52391K, capacity 52927K, committed 53372K, reserved 1095680K
  class space    used 6350K, capacity 6510K, committed 6524K, reserved 1048576K
GC Heap History (10 events):
Event: 5148.762 GC heap after
Heap after GC invocations=393 (full 17):
 par new generation   total 314560K, used 6331K [0x00000000c0000000, 0x00000000d5550000, 0x00000000d5550000)
  eden space 279616K,   0% used [0x00000000c0000000, 0x00000000c0000000, 0x00000000d1110000)
  from space 34944K,  18% used [0x00000000d3330000, 0x00000000d395ec50, 0x00000000d5550000)
  to   space 34944K,   0% used [0x00000000d1110000, 0x00000000d1110000, 0x00000000d3330000)
 concurrent mark-sweep generation total 699072K, used 425697K [0x00000000d5550000, 0x0000000100000000, 0x0000000100000000)
 Metaspace       used 52380K, capacity 52927K, committed 53372K, reserved 1095680K
  class space    used 6350K, capacity 6510K, committed 6524K, reserved 1048576K
}
Event: 5153.298 GC heap before
{Heap before GC invocations=393 (full 17):
 par new generation   total 314560K, used 285947K [0x00000000c0000000, 0x00000000d5550000, 0x00000000d5550000)
  eden space 279616K, 100% used [0x00000000c0000000, 0x00000000d1110000, 0x00000000d1110000)
  from space 34944K,  18% used [0x00000000d3330000, 0x00000000d395ec50, 0x00000000d5550000)
  to   space 34944K,   0% used [0x00000000d1110000, 0x00000000d1110000, 0x00000000d3330000)
 concurrent mark-sweep generation total 699072K, used 425697K [0x00000000d5550000, 0x0000000100000000, 0x0000000100000000)
 Metaspace       used 52383K, capacity 52927K, committed 53372K, reserved 1095680K
  class space    used 6350K, capacity 6510K, committed 6524K, reserved 1048576K
Event: 5153.308 GC heap after
Heap after GC invocations=394 (full 17):
 par new generation   total 314560K, used 6214K [0x00000000c0000000, 0x00000000d5550000, 0x00000000d5550000)
  eden space 279616K,   0% used [0x00000000c0000000, 0x00000000c0000000, 0x00000000d1110000)
  from space 34944K,  17% used [0x00000000d1110000, 0x00000000d1721b20, 0x00000000d3330000)
  to   space 34944K,   0% used [0x00000000d3330000, 0x00000000d3330000, 0x00000000d5550000)
 concurrent mark-sweep generation total 699072K, used 425697K [0x00000000d5550000, 0x0000000100000000, 0x0000000100000000)
 Metaspace       used 52383K, capacity 52927K, committed 53372K, reserved 1095680K
  class space    used 6350K, capacity 6510K, committed 6524K, reserved 1048576K
}
Event: 5158.198 GC heap before
{Heap before GC invocations=394 (full 17):
 par new generation   total 314560K, used 285830K [0x00000000c0000000, 0x00000000d5550000, 0x00000000d5550000)
  eden space 279616K, 100% used [0x00000000c0000000, 0x00000000d1110000, 0x00000000d1110000)
  from space 34944K,  17% used [0x00000000d1110000, 0x00000000d1721b20, 0x00000000d3330000)
  to   space 34944K,   0% used [0x00000000d3330000, 0x00000000d3330000, 0x00000000d5550000)
 concurrent mark-sweep generation total 699072K, used 425697K [0x00000000d5550000, 0x0000000100000000, 0x0000000100000000)
 Metaspace       used 52387K, capacity 52927K, committed 53372K, reserved 1095680K
  class space    used 6350K, capacity 6510K, committed 6524K, reserved 1048576K
Event: 5158.210 GC heap after
Heap after GC invocations=395 (full 17):
 par new generation   total 314560K, used 6877K [0x00000000c0000000, 0x00000000d5550000, 0x00000000d5550000)
  eden space 279616K,   0% used [0x00000000c0000000, 0x00000000c0000000, 0x00000000d1110000)
  from space 34944K,  19% used [0x00000000d3330000, 0x00000000d39e77a8, 0x00000000d5550000)
  to   space 34944K,   0% used [0x00000000d1110000, 0x00000000d1110000, 0x00000000d3330000)
 concurrent mark-sweep generation total 699072K, used 425697K [0x00000000d5550000, 0x0000000100000000, 0x0000000100000000)
 Metaspace       used 52387K, capacity 52927K, committed 53372K, reserved 1095680K
  class space    used 6350K, capacity 6510K, committed 6524K, reserved 1048576K
}
Event: 5163.460 GC heap before
{Heap before GC invocations=395 (full 17):
 par new generation   total 314560K, used 286493K [0x00000000c0000000, 0x00000000d5550000, 0x00000000d5550000)
  eden space 279616K, 100% used [0x00000000c0000000, 0x00000000d1110000, 0x00000000d1110000)
  from space 34944K,  19% used [0x00000000d3330000, 0x00000000d39e77a8, 0x00000000d5550000)
  to   space 34944K,   0% used [0x00000000d1110000, 0x00000000d1110000, 0x00000000d3330000)
 concurrent mark-sweep generation total 699072K, used 425697K [0x00000000d5550000, 0x0000000100000000, 0x0000000100000000)
 Metaspace       used 52387K, capacity 52927K, committed 53372K, reserved 1095680K
  class space    used 6350K, capacity 6510K, committed 6524K, reserved 1048576K
Event: 5163.468 GC heap after
Heap after GC invocations=396 (full 17):
 par new generation   total 314560K, used 7484K [0x00000000c0000000, 0x00000000d5550000, 0x00000000d5550000)
  eden space 279616K,   0% used [0x00000000c0000000, 0x00000000c0000000, 0x00000000d1110000)
  from space 34944K,  21% used [0x00000000d1110000, 0x00000000d185f030, 0x00000000d3330000)
  to   space 34944K,   0% used [0x00000000d3330000, 0x00000000d3330000, 0x00000000d5550000)
 concurrent mark-sweep generation total 699072K, used 425728K [0x00000000d5550000, 0x0000000100000000, 0x0000000100000000)
 Metaspace       used 52387K, capacity 52927K, committed 53372K, reserved 1095680K
  class space    used 6350K, capacity 6510K, committed 6524K, reserved 1048576K
}
Event: 5169.444 GC heap before
{Heap before GC invocations=396 (full 17):
 par new generation   total 314560K, used 287100K [0x00000000c0000000, 0x00000000d5550000, 0x00000000d5550000)
  eden space 279616K, 100% used [0x00000000c0000000, 0x00000000d1110000, 0x00000000d1110000)
  from space 34944K,  21% used [0x00000000d1110000, 0x00000000d185f030, 0x00000000d3330000)
  to   space 34944K,   0% used [0x00000000d3330000, 0x00000000d3330000, 0x00000000d5550000)
 concurrent mark-sweep generation total 699072K, used 425728K [0x00000000d5550000, 0x0000000100000000, 0x0000000100000000)
 Metaspace       used 52387K, capacity 52927K, committed 53372K, reserved 1095680K
  class space    used 6350K, capacity 6510K, committed 6524K, reserved 1048576K
Event: 5169.453 GC heap after
Heap after GC invocations=397 (full 17):
 par new generation   total 314560K, used 9457K [0x00000000c0000000, 0x00000000d5550000, 0x00000000d5550000)
  eden space 279616K,   0% used [0x00000000c0000000, 0x00000000c0000000, 0x00000000d1110000)
  from space 34944K,  27% used [0x00000000d3330000, 0x00000000d3c6c430, 0x00000000d5550000)
  to   space 34944K,   0% used [0x00000000d1110000, 0x00000000d1110000, 0x00000000d3330000)
 concurrent mark-sweep generation total 699072K, used 425830K [0x00000000d5550000, 0x0000000100000000, 0x0000000100000000)
 Metaspace       used 52387K, capacity 52927K, committed 53372K, reserved 1095680K
  class space    used 6350K, capacity 6510K, committed 6524K, reserved 1048576K
}
Event: 5175.989 GC heap before
{Heap before GC invocations=397 (full 17):
 par new generation   total 314560K, used 289073K [0x00000000c0000000, 0x00000000d5550000, 0x00000000d5550000)
  eden space 279616K, 100% used [0x00000000c0000000, 0x00000000d1110000, 0x00000000d1110000)
  from space 34944K,  27% used [0x00000000d3330000, 0x00000000d3c6c430, 0x00000000d5550000)
  to   space 34944K,   0% used [0x00000000d1110000, 0x00000000d1110000, 0x00000000d3330000)
 concurrent mark-sweep generation total 699072K, used 425830K [0x00000000d5550000, 0x0000000100000000, 0x0000000100000000)
 Metaspace       used 52391K, capacity 52927K, committed 53372K, reserved 1095680K
  class space    used 6350K, capacity 6510K, committed 6524K, reserved 1048576K

